<?xml version="1.0" encoding="UTF-8"?>
<!-- Generated by org.testng.reporters.JUnitXMLReporter -->
<testsuite ignored="0" hostname="LAPTOP-IJAM56N5" failures="0" tests="6" name="Test" time="52.58" errors="0" timestamp="26 Jun 2021 16:00:05 GMT">
  <testcase classname="ApplicationPages.HomePageTest" name="ValidateTheHeaderOptions" time="0.3"/>
  <testcase classname="ApplicationPages.HomePageTest" name="ValidateWomenShoppingPageisDisplayed" time="3.69"/>
  <testcase classname="ApplicationPages.LandingPageTest" name="ValidateClickSignIn" time="1.871"/>
  <testcase classname="ApplicationPages.LoginPageTest" name="validateLogin" time="3.669"/>
  <testcase classname="ApplicationPages.LoginPageTest" name="validateLoginPageTitle" time="0.04"/>
  <testcase classname="ApplicationPages.LoginPageTest" name="validateLogo" time="0.565"/>
</testsuite> <!-- Test -->
