<?xml version="1.0" encoding="UTF-8"?>
<testng-results ignored="0" total="6" passed="6" failed="0" skipped="0">
  <reporter-output>
  </reporter-output>
  <suite started-at="2021-06-26T15:59:12Z" name="Suite" finished-at="2021-06-26T16:00:05Z" duration-ms="52580">
    <groups>
    </groups>
    <test started-at="2021-06-26T15:59:12Z" name="Test" finished-at="2021-06-26T16:00:05Z" duration-ms="52580">
      <class name="ApplicationPages.HomePageTest">
        <test-method is-config="true" signature="setup()[pri:0, instance:ApplicationPages.HomePageTest@3e74829]" started-at="2021-06-26T15:59:12Z" name="setup" finished-at="2021-06-26T15:59:29Z" duration-ms="16992" status="PASS">
          <reporter-output>
          </reporter-output>
        </test-method> <!-- setup -->
        <test-method is-config="true" signature="setUp()[pri:0, instance:ApplicationPages.LandingPageTest@4f6f416f]" started-at="2021-06-26T15:59:29Z" name="setUp" finished-at="2021-06-26T15:59:39Z" duration-ms="9341" status="PASS">
          <reporter-output>
          </reporter-output>
        </test-method> <!-- setUp -->
        <test-method is-config="true" signature="setup()[pri:0, instance:ApplicationPages.LoginPageTest@3b8f0a79]" started-at="2021-06-26T15:59:39Z" name="setup" finished-at="2021-06-26T15:59:52Z" duration-ms="13685" status="PASS">
          <reporter-output>
          </reporter-output>
        </test-method> <!-- setup -->
        <test-method signature="ValidateTheHeaderOptions()[pri:0, instance:ApplicationPages.HomePageTest@3e74829]" started-at="2021-06-26T15:59:52Z" name="ValidateTheHeaderOptions" finished-at="2021-06-26T15:59:53Z" duration-ms="300" status="PASS">
          <reporter-output>
          </reporter-output>
        </test-method> <!-- ValidateTheHeaderOptions -->
        <test-method signature="ValidateWomenShoppingPageisDisplayed()[pri:0, instance:ApplicationPages.HomePageTest@3e74829]" started-at="2021-06-26T15:59:53Z" name="ValidateWomenShoppingPageisDisplayed" finished-at="2021-06-26T15:59:56Z" duration-ms="3690" status="PASS">
          <reporter-output>
          </reporter-output>
        </test-method> <!-- ValidateWomenShoppingPageisDisplayed -->
        <test-method is-config="true" signature="teardown()[pri:0, instance:ApplicationPages.HomePageTest@3e74829]" started-at="2021-06-26T16:00:03Z" name="teardown" finished-at="2021-06-26T16:00:04Z" duration-ms="921" status="PASS">
          <reporter-output>
          </reporter-output>
        </test-method> <!-- teardown -->
        <test-method is-config="true" signature="teardown()[pri:0, instance:ApplicationPages.LandingPageTest@4f6f416f]" started-at="2021-06-26T16:00:04Z" name="teardown" finished-at="2021-06-26T16:00:04Z" duration-ms="645" status="PASS">
          <reporter-output>
          </reporter-output>
        </test-method> <!-- teardown -->
        <test-method is-config="true" signature="teardown()[pri:0, instance:ApplicationPages.LoginPageTest@3b8f0a79]" started-at="2021-06-26T16:00:04Z" name="teardown" finished-at="2021-06-26T16:00:05Z" duration-ms="753" status="PASS">
          <reporter-output>
          </reporter-output>
        </test-method> <!-- teardown -->
      </class> <!-- ApplicationPages.HomePageTest -->
      <class name="ApplicationPages.DockerTest">
        <test-method is-config="true" signature="StartDockerGridTest()[pri:0, instance:ApplicationPages.DockerTest@409c54f]" started-at="2021-06-26T15:58:57Z" name="StartDockerGridTest" finished-at="2021-06-26T15:59:12Z" duration-ms="15052" status="PASS">
          <reporter-output>
          </reporter-output>
        </test-method> <!-- StartDockerGridTest -->
        <test-method is-config="true" signature="StopDockerGrid()[pri:0, instance:ApplicationPages.DockerTest@409c54f]" started-at="2021-06-26T16:00:05Z" name="StopDockerGrid" finished-at="2021-06-26T16:00:20Z" duration-ms="15028" status="PASS">
          <reporter-output>
          </reporter-output>
        </test-method> <!-- StopDockerGrid -->
      </class> <!-- ApplicationPages.DockerTest -->
      <class name="ApplicationPages.LandingPageTest">
        <test-method signature="ValidateClickSignIn()[pri:0, instance:ApplicationPages.LandingPageTest@4f6f416f]" started-at="2021-06-26T15:59:56Z" name="ValidateClickSignIn" finished-at="2021-06-26T15:59:58Z" duration-ms="1871" status="PASS">
          <reporter-output>
          </reporter-output>
        </test-method> <!-- ValidateClickSignIn -->
      </class> <!-- ApplicationPages.LandingPageTest -->
      <class name="ApplicationPages.LoginPageTest">
        <test-method signature="validateLogin(java.lang.String, java.lang.String)[pri:0, instance:ApplicationPages.LoginPageTest@3b8f0a79]" started-at="2021-06-26T15:59:58Z" name="validateLogin" data-provider="getData" finished-at="2021-06-26T16:00:02Z" duration-ms="3669" status="PASS">
          <params>
            <param index="0">
              <value>
                <![CDATA[tahera.firdose242017@gmail.com]]>
              </value>
            </param>
            <param index="1">
              <value>
                <![CDATA[Test@12345]]>
              </value>
            </param>
          </params>
          <reporter-output>
          </reporter-output>
        </test-method> <!-- validateLogin -->
        <test-method signature="validateLoginPageTitle()[pri:0, instance:ApplicationPages.LoginPageTest@3b8f0a79]" started-at="2021-06-26T16:00:02Z" name="validateLoginPageTitle" finished-at="2021-06-26T16:00:02Z" duration-ms="40" status="PASS">
          <reporter-output>
          </reporter-output>
        </test-method> <!-- validateLoginPageTitle -->
        <test-method signature="validateLogo()[pri:0, instance:ApplicationPages.LoginPageTest@3b8f0a79]" started-at="2021-06-26T16:00:02Z" name="validateLogo" finished-at="2021-06-26T16:00:03Z" duration-ms="565" status="PASS">
          <reporter-output>
          </reporter-output>
        </test-method> <!-- validateLogo -->
      </class> <!-- ApplicationPages.LoginPageTest -->
    </test> <!-- Test -->
  </suite> <!-- Suite -->
</testng-results>
